# JRE version: OpenJDK Runtime Environment Temurin-17.0.9+9 (17.0.9+9) (build 17.0.9+9)
# Java VM: OpenJDK 64-Bit Server VM Temurin-17.0.9+9 (17.0.9+9, mixed mode, tiered, compressed oops, compressed class ptrs, g1 gc, windows-amd64)
GC Precious Log:
 CPUs: 4 total, 4 available
 Memory: 14270M
 Large Page Support: Disabled
 NUMA Support: Disabled
 Compressed Oops: Enabled (Zero based)
 Heap Region Size: 2M
 Heap Min Capacity: 8M
 Heap Initial Capacity: 224M
 Heap Max Capacity: 3568M
 Pre-touch: Disabled
 Parallel Workers: 4
 Concurrent Workers: 1
 Concurrent Refinement Workers: 4
 Periodic GC: Disabled
Heap:
 garbage-first heap   total 229376K, used 27991K [0x0000000721000000, 0x0000000800000000)
  region size 2048K, 11 young (22528K), 2 survivors (4096K)
 Metaspace       used 16586K, committed 16768K, reserved 1114112K
  class space    used 1914K, committed 2048K, reserved 1048576K
GC Heap History (6 events):
Event: 2.349 GC heap before
{Heap before GC invocations=0 (full 0):
 garbage-first heap   total 229376K, used 10240K [0x0000000721000000, 0x0000000800000000)
  region size 2048K, 6 young (12288K), 0 survivors (0K)
 Metaspace       used 12231K, committed 12352K, reserved 1114112K
  class space    used 1257K, committed 1280K, reserved 1048576K
}
Event: 2.356 GC heap after
{Heap after GC invocations=1 (full 0):
 garbage-first heap   total 229376K, used 3525K [0x0000000721000000, 0x0000000800000000)
  region size 2048K, 1 young (2048K), 1 survivors (2048K)
 Metaspace       used 12231K, committed 12352K, reserved 1114112K
  class space    used 1257K, committed 1280K, reserved 1048576K
}
Event: 9.524 GC heap before
{Heap before GC invocations=1 (full 0):
 garbage-first heap   total 229376K, used 15813K [0x0000000721000000, 0x0000000800000000)
  region size 2048K, 6 young (12288K), 1 survivors (2048K)
 Metaspace       used 14189K, committed 14336K, reserved 1114112K
  class space    used 1545K, committed 1600K, reserved 1048576K
}
Event: 9.527 GC heap after
{Heap after GC invocations=2 (full 0):
 garbage-first heap   total 229376K, used 11618K [0x0000000721000000, 0x0000000800000000)
  region size 2048K, 1 young (2048K), 1 survivors (2048K)
 Metaspace       used 14189K, committed 14336K, reserved 1114112K
  class space    used 1545K, committed 1600K, reserved 1048576K
}
Event: 12.236 GC heap before
{Heap before GC invocations=2 (full 0):
 garbage-first heap   total 229376K, used 34146K [0x0000000721000000, 0x0000000800000000)
  region size 2048K, 12 young (24576K), 1 survivors (2048K)
 Metaspace       used 16521K, committed 16704K, reserved 1114112K
  class space    used 1913K, committed 2048K, reserved 1048576K
}
Event: 12.238 GC heap after
{Heap after GC invocations=3 (full 0):
 garbage-first heap   total 229376K, used 13655K [0x0000000721000000, 0x0000000800000000)
  region size 2048K, 2 young (4096K), 2 survivors (4096K)
 Metaspace       used 16521K, committed 16704K, reserved 1114112K
  class space    used 1913K, committed 2048K, reserved 1048576K
}

