# JRE version: OpenJDK Runtime Environment Temurin-17.0.9+9 (17.0.9+9) (build 17.0.9+9)
# Java VM: OpenJDK 64-Bit Server VM Temurin-17.0.9+9 (17.0.9+9, mixed mode, tiered, compressed oops, compressed class ptrs, parallel gc, windows-amd64)
GC Precious Log:
 CPUs: 4 total, 4 available
 Memory: 14270M
 Large Page Support: Disabled
 NUMA Support: Disabled
 Compressed Oops: Enabled (32-bit)
 Alignments: Space 512K, Generation 512K, Heap 2M
 Heap Min Capacity: 100M
 Heap Initial Capacity: 100M
 Heap Max Capacity: 1G
 Pre-touch: Disabled
 Parallel Workers: 4
Heap:
 PSYoungGen      total 20480K, used 17433K [0x00000000eab00000, 0x00000000ec080000, 0x0000000100000000)
  eden space 18944K, 85% used [0x00000000eab00000,0x00000000ebae0180,0x00000000ebd80000)
  from space 1536K, 76% used [0x00000000ebd80000,0x00000000ebea6320,0x00000000ebf00000)
  to   space 1536K, 0% used [0x00000000ebf00000,0x00000000ebf00000,0x00000000ec080000)
 ParOldGen       total 68608K, used 35758K [0x00000000c0000000, 0x00000000c4300000, 0x00000000eab00000)
  object space 68608K, 52% used [0x00000000c0000000,0x00000000c22eb860,0x00000000c4300000)
 Metaspace       used 53608K, committed 54592K, reserved 1114112K
  class space    used 5742K, committed 6144K, reserved 1048576K
GC Heap History (20 events):
Event: 8.499 GC heap before
{Heap before GC invocations=20 (full 2):
 PSYoungGen      total 22016K, used 21856K [0x00000000eab00000, 0x00000000ec380000, 0x0000000100000000)
  eden space 19968K, 100% used [0x00000000eab00000,0x00000000ebe80000,0x00000000ebe80000)
  from space 2048K, 92% used [0x00000000ebe80000,0x00000000ec058020,0x00000000ec080000)
  to   space 2560K, 0% used [0x00000000ec100000,0x00000000ec100000,0x00000000ec380000)
 ParOldGen       total 68608K, used 20580K [0x00000000c0000000, 0x00000000c4300000, 0x00000000eab00000)
  object space 68608K, 29% used [0x00000000c0000000,0x00000000c14192d0,0x00000000c4300000)
 Metaspace       used 51340K, committed 52352K, reserved 1114112K
  class space    used 5548K, committed 5952K, reserved 1048576K
}
Event: 8.502 GC heap after
{Heap after GC invocations=20 (full 2):
 PSYoungGen      total 22016K, used 1920K [0x00000000eab00000, 0x00000000ec300000, 0x0000000100000000)
  eden space 19968K, 0% used [0x00000000eab00000,0x00000000eab00000,0x00000000ebe80000)
  from space 2048K, 93% used [0x00000000ec100000,0x00000000ec2e0000,0x00000000ec300000)
  to   space 2048K, 0% used [0x00000000ebe80000,0x00000000ebe80000,0x00000000ec080000)
 ParOldGen       total 68608K, used 22416K [0x00000000c0000000, 0x00000000c4300000, 0x00000000eab00000)
  object space 68608K, 32% used [0x00000000c0000000,0x00000000c15e4300,0x00000000c4300000)
 Metaspace       used 51340K, committed 52352K, reserved 1114112K
  class space    used 5548K, committed 5952K, reserved 1048576K
}
Event: 8.751 GC heap before
{Heap before GC invocations=21 (full 2):
 PSYoungGen      total 22016K, used 21888K [0x00000000eab00000, 0x00000000ec300000, 0x0000000100000000)
  eden space 19968K, 100% used [0x00000000eab00000,0x00000000ebe80000,0x00000000ebe80000)
  from space 2048K, 93% used [0x00000000ec100000,0x00000000ec2e0000,0x00000000ec300000)
  to   space 2048K, 0% used [0x00000000ebe80000,0x00000000ebe80000,0x00000000ec080000)
 ParOldGen       total 68608K, used 22416K [0x00000000c0000000, 0x00000000c4300000, 0x00000000eab00000)
  object space 68608K, 32% used [0x00000000c0000000,0x00000000c15e4300,0x00000000c4300000)
 Metaspace       used 51388K, committed 52352K, reserved 1114112K
  class space    used 5558K, committed 5952K, reserved 1048576K
}
Event: 8.754 GC heap after
{Heap after GC invocations=21 (full 2):
 PSYoungGen      total 22016K, used 2016K [0x00000000eab00000, 0x00000000ec880000, 0x0000000100000000)
  eden space 19968K, 0% used [0x00000000eab00000,0x00000000eab00000,0x00000000ebe80000)
  from space 2048K, 98% used [0x00000000ebe80000,0x00000000ec078020,0x00000000ec080000)
  to   space 5120K, 0% used [0x00000000ec380000,0x00000000ec380000,0x00000000ec880000)
 ParOldGen       total 68608K, used 24754K [0x00000000c0000000, 0x00000000c4300000, 0x00000000eab00000)
  object space 68608K, 36% used [0x00000000c0000000,0x00000000c182c998,0x00000000c4300000)
 Metaspace       used 51388K, committed 52352K, reserved 1114112K
  class space    used 5558K, committed 5952K, reserved 1048576K
}
Event: 8.828 GC heap before
{Heap before GC invocations=22 (full 2):
 PSYoungGen      total 22016K, used 21984K [0x00000000eab00000, 0x00000000ec880000, 0x0000000100000000)
  eden space 19968K, 100% used [0x00000000eab00000,0x00000000ebe80000,0x00000000ebe80000)
  from space 2048K, 98% used [0x00000000ebe80000,0x00000000ec078020,0x00000000ec080000)
  to   space 5120K, 0% used [0x00000000ec380000,0x00000000ec380000,0x00000000ec880000)
 ParOldGen       total 68608K, used 24754K [0x00000000c0000000, 0x00000000c4300000, 0x00000000eab00000)
  object space 68608K, 36% used [0x00000000c0000000,0x00000000c182c998,0x00000000c4300000)
 Metaspace       used 51388K, committed 52352K, reserved 1114112K
  class space    used 5558K, committed 5952K, reserved 1048576K
}
Event: 8.831 GC heap after
{Heap after GC invocations=22 (full 2):
 PSYoungGen      total 22528K, used 2240K [0x00000000eab00000, 0x00000000ec600000, 0x0000000100000000)
  eden space 19968K, 0% used [0x00000000eab00000,0x00000000eab00000,0x00000000ebe80000)
  from space 2560K, 87% used [0x00000000ec380000,0x00000000ec5b0000,0x00000000ec600000)
  to   space 3072K, 0% used [0x00000000ec000000,0x00000000ec000000,0x00000000ec300000)
 ParOldGen       total 68608K, used 26778K [0x00000000c0000000, 0x00000000c4300000, 0x00000000eab00000)
  object space 68608K, 39% used [0x00000000c0000000,0x00000000c1a269b8,0x00000000c4300000)
 Metaspace       used 51388K, committed 52352K, reserved 1114112K
  class space    used 5558K, committed 5952K, reserved 1048576K
}
Event: 8.981 GC heap before
{Heap before GC invocations=23 (full 2):
 PSYoungGen      total 22528K, used 22208K [0x00000000eab00000, 0x00000000ec600000, 0x0000000100000000)
  eden space 19968K, 100% used [0x00000000eab00000,0x00000000ebe80000,0x00000000ebe80000)
  from space 2560K, 87% used [0x00000000ec380000,0x00000000ec5b0000,0x00000000ec600000)
  to   space 3072K, 0% used [0x00000000ec000000,0x00000000ec000000,0x00000000ec300000)
 ParOldGen       total 68608K, used 26778K [0x00000000c0000000, 0x00000000c4300000, 0x00000000eab00000)
  object space 68608K, 39% used [0x00000000c0000000,0x00000000c1a269b8,0x00000000c4300000)
 Metaspace       used 51388K, committed 52352K, reserved 1114112K
  class space    used 5558K, committed 5952K, reserved 1048576K
}
Event: 8.983 GC heap after
{Heap after GC invocations=23 (full 2):
 PSYoungGen      total 22528K, used 2304K [0x00000000eab00000, 0x00000000ec400000, 0x0000000100000000)
  eden space 19968K, 0% used [0x00000000eab00000,0x00000000eab00000,0x00000000ebe80000)
  from space 2560K, 90% used [0x00000000ec000000,0x00000000ec240010,0x00000000ec280000)
  to   space 1536K, 0% used [0x00000000ec280000,0x00000000ec280000,0x00000000ec400000)
 ParOldGen       total 68608K, used 28954K [0x00000000c0000000, 0x00000000c4300000, 0x00000000eab00000)
  object space 68608K, 42% used [0x00000000c0000000,0x00000000c1c469b8,0x00000000c4300000)
 Metaspace       used 51388K, committed 52352K, reserved 1114112K
  class space    used 5558K, committed 5952K, reserved 1048576K
}
Event: 9.688 GC heap before
{Heap before GC invocations=24 (full 2):
 PSYoungGen      total 22528K, used 21598K [0x00000000eab00000, 0x00000000ec400000, 0x0000000100000000)
  eden space 19968K, 96% used [0x00000000eab00000,0x00000000ebdd7940,0x00000000ebe80000)
  from space 2560K, 90% used [0x00000000ec000000,0x00000000ec240010,0x00000000ec280000)
  to   space 1536K, 0% used [0x00000000ec280000,0x00000000ec280000,0x00000000ec400000)
 ParOldGen       total 68608K, used 28954K [0x00000000c0000000, 0x00000000c4300000, 0x00000000eab00000)
  object space 68608K, 42% used [0x00000000c0000000,0x00000000c1c469b8,0x00000000c4300000)
 Metaspace       used 52159K, committed 53184K, reserved 1114112K
  class space    used 5632K, committed 6016K, reserved 1048576K
}
Event: 9.691 GC heap after
{Heap after GC invocations=24 (full 2):
 PSYoungGen      total 20992K, used 1536K [0x00000000eab00000, 0x00000000ec780000, 0x0000000100000000)
  eden space 19456K, 0% used [0x00000000eab00000,0x00000000eab00000,0x00000000ebe00000)
  from space 1536K, 100% used [0x00000000ec280000,0x00000000ec400000,0x00000000ec400000)
  to   space 4608K, 0% used [0x00000000ebe00000,0x00000000ebe00000,0x00000000ec280000)
 ParOldGen       total 68608K, used 31541K [0x00000000c0000000, 0x00000000c4300000, 0x00000000eab00000)
  object space 68608K, 45% used [0x00000000c0000000,0x00000000c1ecd5b0,0x00000000c4300000)
 Metaspace       used 52159K, committed 53184K, reserved 1114112K
  class space    used 5632K, committed 6016K, reserved 1048576K
}
Event: 10.068 GC heap before
{Heap before GC invocations=25 (full 2):
 PSYoungGen      total 20992K, used 20992K [0x00000000eab00000, 0x00000000ec780000, 0x0000000100000000)
  eden space 19456K, 100% used [0x00000000eab00000,0x00000000ebe00000,0x00000000ebe00000)
  from space 1536K, 100% used [0x00000000ec280000,0x00000000ec400000,0x00000000ec400000)
  to   space 4608K, 0% used [0x00000000ebe00000,0x00000000ebe00000,0x00000000ec280000)
 ParOldGen       total 68608K, used 31541K [0x00000000c0000000, 0x00000000c4300000, 0x00000000eab00000)
  object space 68608K, 45% used [0x00000000c0000000,0x00000000c1ecd5b0,0x00000000c4300000)
 Metaspace       used 52253K, committed 53248K, reserved 1114112K
  class space    used 5634K, committed 6016K, reserved 1048576K
}
Event: 10.071 GC heap after
{Heap after GC invocations=25 (full 2):
 PSYoungGen      total 20480K, used 960K [0x00000000eab00000, 0x00000000ec300000, 0x0000000100000000)
  eden space 19456K, 0% used [0x00000000eab00000,0x00000000eab00000,0x00000000ebe00000)
  from space 1024K, 93% used [0x00000000ebe00000,0x00000000ebef0000,0x00000000ebf00000)
  to   space 2560K, 0% used [0x00000000ec080000,0x00000000ec080000,0x00000000ec300000)
 ParOldGen       total 68608K, used 33101K [0x00000000c0000000, 0x00000000c4300000, 0x00000000eab00000)
  object space 68608K, 48% used [0x00000000c0000000,0x00000000c20535e0,0x00000000c4300000)
 Metaspace       used 52253K, committed 53248K, reserved 1114112K
  class space    used 5634K, committed 6016K, reserved 1048576K
}
Event: 11.595 GC heap before
{Heap before GC invocations=26 (full 2):
 PSYoungGen      total 20480K, used 20416K [0x00000000eab00000, 0x00000000ec300000, 0x0000000100000000)
  eden space 19456K, 100% used [0x00000000eab00000,0x00000000ebe00000,0x00000000ebe00000)
  from space 1024K, 93% used [0x00000000ebe00000,0x00000000ebef0000,0x00000000ebf00000)
  to   space 2560K, 0% used [0x00000000ec080000,0x00000000ec080000,0x00000000ec300000)
 ParOldGen       total 68608K, used 33101K [0x00000000c0000000, 0x00000000c4300000, 0x00000000eab00000)
  object space 68608K, 48% used [0x00000000c0000000,0x00000000c20535e0,0x00000000c4300000)
 Metaspace       used 52587K, committed 53632K, reserved 1114112K
  class space    used 5651K, committed 6080K, reserved 1048576K
}
Event: 11.597 GC heap after
{Heap after GC invocations=26 (full 2):
 PSYoungGen      total 20480K, used 896K [0x00000000eab00000, 0x00000000ec180000, 0x0000000100000000)
  eden space 19456K, 0% used [0x00000000eab00000,0x00000000eab00000,0x00000000ebe00000)
  from space 1024K, 87% used [0x00000000ec080000,0x00000000ec160000,0x00000000ec180000)
  to   space 1536K, 0% used [0x00000000ebe80000,0x00000000ebe80000,0x00000000ec000000)
 ParOldGen       total 68608K, used 33557K [0x00000000c0000000, 0x00000000c4300000, 0x00000000eab00000)
  object space 68608K, 48% used [0x00000000c0000000,0x00000000c20c55e0,0x00000000c4300000)
 Metaspace       used 52587K, committed 53632K, reserved 1114112K
  class space    used 5651K, committed 6080K, reserved 1048576K
}
Event: 13.116 GC heap before
{Heap before GC invocations=27 (full 2):
 PSYoungGen      total 20480K, used 20332K [0x00000000eab00000, 0x00000000ec180000, 0x0000000100000000)
  eden space 19456K, 99% used [0x00000000eab00000,0x00000000ebdfb2d8,0x00000000ebe00000)
  from space 1024K, 87% used [0x00000000ec080000,0x00000000ec160000,0x00000000ec180000)
  to   space 1536K, 0% used [0x00000000ebe80000,0x00000000ebe80000,0x00000000ec000000)
 ParOldGen       total 68608K, used 33557K [0x00000000c0000000, 0x00000000c4300000, 0x00000000eab00000)
  object space 68608K, 48% used [0x00000000c0000000,0x00000000c20c55e0,0x00000000c4300000)
 Metaspace       used 53395K, committed 54400K, reserved 1114112K
  class space    used 5725K, committed 6144K, reserved 1048576K
}
Event: 13.117 GC heap after
{Heap after GC invocations=27 (full 2):
 PSYoungGen      total 20992K, used 950K [0x00000000eab00000, 0x00000000ec100000, 0x0000000100000000)
  eden space 19456K, 0% used [0x00000000eab00000,0x00000000eab00000,0x00000000ebe00000)
  from space 1536K, 61% used [0x00000000ebe80000,0x00000000ebf6d8a0,0x00000000ec000000)
  to   space 1024K, 0% used [0x00000000ec000000,0x00000000ec000000,0x00000000ec100000)
 ParOldGen       total 68608K, used 34378K [0x00000000c0000000, 0x00000000c4300000, 0x00000000eab00000)
  object space 68608K, 50% used [0x00000000c0000000,0x00000000c2192938,0x00000000c4300000)
 Metaspace       used 53395K, committed 54400K, reserved 1114112K
  class space    used 5725K, committed 6144K, reserved 1048576K
}
Event: 13.826 GC heap before
{Heap before GC invocations=28 (full 2):
 PSYoungGen      total 20992K, used 20406K [0x00000000eab00000, 0x00000000ec100000, 0x0000000100000000)
  eden space 19456K, 100% used [0x00000000eab00000,0x00000000ebe00000,0x00000000ebe00000)
  from space 1536K, 61% used [0x00000000ebe80000,0x00000000ebf6d8a0,0x00000000ec000000)
  to   space 1024K, 0% used [0x00000000ec000000,0x00000000ec000000,0x00000000ec100000)
 ParOldGen       total 68608K, used 34378K [0x00000000c0000000, 0x00000000c4300000, 0x00000000eab00000)
  object space 68608K, 50% used [0x00000000c0000000,0x00000000c2192938,0x00000000c4300000)
 Metaspace       used 53548K, committed 54528K, reserved 1114112K
  class space    used 5737K, committed 6144K, reserved 1048576K
}
Event: 13.827 GC heap after
{Heap after GC invocations=28 (full 2):
 PSYoungGen      total 19968K, used 994K [0x00000000eab00000, 0x00000000ec300000, 0x0000000100000000)
  eden space 18944K, 0% used [0x00000000eab00000,0x00000000eab00000,0x00000000ebd80000)
  from space 1024K, 97% used [0x00000000ec000000,0x00000000ec0f8940,0x00000000ec100000)
  to   space 2560K, 0% used [0x00000000ebd80000,0x00000000ebd80000,0x00000000ec000000)
 ParOldGen       total 68608K, used 35406K [0x00000000c0000000, 0x00000000c4300000, 0x00000000eab00000)
  object space 68608K, 51% used [0x00000000c0000000,0x00000000c2293860,0x00000000c4300000)
 Metaspace       used 53548K, committed 54528K, reserved 1114112K
  class space    used 5737K, committed 6144K, reserved 1048576K
}
Event: 14.996 GC heap before
{Heap before GC invocations=29 (full 2):
 PSYoungGen      total 19968K, used 19938K [0x00000000eab00000, 0x00000000ec300000, 0x0000000100000000)
  eden space 18944K, 100% used [0x00000000eab00000,0x00000000ebd80000,0x00000000ebd80000)
  from space 1024K, 97% used [0x00000000ec000000,0x00000000ec0f8940,0x00000000ec100000)
  to   space 2560K, 0% used [0x00000000ebd80000,0x00000000ebd80000,0x00000000ec000000)
 ParOldGen       total 68608K, used 35406K [0x00000000c0000000, 0x00000000c4300000, 0x00000000eab00000)
  object space 68608K, 51% used [0x00000000c0000000,0x00000000c2293860,0x00000000c4300000)
 Metaspace       used 53581K, committed 54592K, reserved 1114112K
  class space    used 5738K, committed 6144K, reserved 1048576K
}
Event: 14.996 GC heap after
{Heap after GC invocations=29 (full 2):
 PSYoungGen      total 20480K, used 1176K [0x00000000eab00000, 0x00000000ec080000, 0x0000000100000000)
  eden space 18944K, 0% used [0x00000000eab00000,0x00000000eab00000,0x00000000ebd80000)
  from space 1536K, 76% used [0x00000000ebd80000,0x00000000ebea6320,0x00000000ebf00000)
  to   space 1536K, 0% used [0x00000000ebf00000,0x00000000ebf00000,0x00000000ec080000)
 ParOldGen       total 68608K, used 35758K [0x00000000c0000000, 0x00000000c4300000, 0x00000000eab00000)
  object space 68608K, 52% used [0x00000000c0000000,0x00000000c22eb860,0x00000000c4300000)
 Metaspace       used 53581K, committed 54592K, reserved 1114112K
  class space    used 5738K, committed 6144K, reserved 1048576K
}

